library/build/intermediates/manifest_merge_blame_file/debug/manifest-merger-blame-debug-report.txt
1<?xml version="1.0" encoding="utf-8"?>
2<manifest xmlns:android="http://schemas.android.com/apk/res/android"
3    package="com.google.maps.android" >
4
5    <uses-sdk android:minSdkVersion="19" />
5-->ParkingDemo\library\AndroidManifest.xml
6    <!-- https://groups.google.com/group/adt-dev/browse_thread/thread/c059c0380998092b/6720093fb40fdaf9 -->
7    <application>
7-->ParkingDemo\library\AndroidManifest.xml:5:5-10:19
8        <meta-data
8-->ParkingDemo\library\AndroidManifest.xml:6:9-8:73
9            android:name="com.google.android.gms.version"
9-->ParkingDemo\library\AndroidManifest.xml:7:17-62
10            android:value="@integer/google_play_services_version" />
10-->ParkingDemo\library\AndroidManifest.xml:8:17-70
11    </application>
12
13</manifest>